<?xml version="1.0" encoding="UTF-8"?>
<testng-results ignored="0" total="1" passed="1" failed="0" skipped="0">
  <reporter-output>
  </reporter-output>
  <suite started-at="2024-04-05T13:04:30 IST" name="Default suite" finished-at="2024-04-05T13:04:43 IST" duration-ms="13755">
    <groups>
    </groups>
    <test started-at="2024-04-05T13:04:30 IST" name="Default test" finished-at="2024-04-05T13:04:43 IST" duration-ms="13755">
      <class name="test.Holidify_Test">
        <test-method is-config="true" signature="test()[pri:0, instance:test.Holidify_Test@7cc0cdad]" started-at="2024-04-05T13:04:30 IST" name="test" finished-at="2024-04-05T13:04:32 IST" duration-ms="2373" status="PASS">
          <reporter-output>
          </reporter-output>
        </test-method> <!-- test -->
        <test-method is-config="true" signature="url()[pri:0, instance:test.Holidify_Test@7cc0cdad]" started-at="2024-04-05T13:04:32 IST" name="url" finished-at="2024-04-05T13:04:37 IST" duration-ms="5263" status="PASS">
          <reporter-output>
          </reporter-output>
        </test-method> <!-- url -->
        <test-method signature="testt()[pri:0, instance:test.Holidify_Test@7cc0cdad]" started-at="2024-04-05T13:04:37 IST" name="testt" finished-at="2024-04-05T13:04:43 IST" duration-ms="6044" status="PASS">
          <reporter-output>
          </reporter-output>
        </test-method> <!-- testt -->
      </class> <!-- test.Holidify_Test -->
    </test> <!-- Default test -->
  </suite> <!-- Default suite -->
</testng-results>
